Base path: /Applications/Unity/Unity.app/Contents
Cmd: getPlatforms
Cmd: compileSnippet
  api=15 type=0 insize=1503 outsize=1267 kw= pd=UNITY_ENABLE_REFLECTION_BUFFERS UNITY_PBS_USE_BRDF1 UNITY_SPECCUBE_BOX_PROJECTION UNITY_SPECCUBE_BLENDING SHADER_API_DESKTOP ok=1
Cmd: compileSnippet
  api=15 type=1 insize=1503 outsize=0 kw= pd=UNITY_ENABLE_REFLECTION_BUFFERS UNITY_PBS_USE_BRDF1 UNITY_SPECCUBE_BOX_PROJECTION UNITY_SPECCUBE_BLENDING SHADER_API_DESKTOP ok=1
Cmd: compileSnippet
  api=15 type=0 insize=1458 outsize=1723 kw= pd=UNITY_ENABLE_REFLECTION_BUFFERS UNITY_PBS_USE_BRDF1 UNITY_SPECCUBE_BOX_PROJECTION UNITY_SPECCUBE_BLENDING SHADER_API_DESKTOP ok=1
Cmd: compileSnippet
  api=15 type=1 insize=1458 outsize=0 kw= pd=UNITY_ENABLE_REFLECTION_BUFFERS UNITY_PBS_USE_BRDF1 UNITY_SPECCUBE_BOX_PROJECTION UNITY_SPECCUBE_BLENDING SHADER_API_DESKTOP ok=1
Cmd: compileSnippet
  api=15 type=0 insize=70280 outsize=15812 kw=DIRECTIONAL LIGHTMAP_OFF DIRLIGHTMAP_COMBINED DYNAMICLIGHTMAP_ON _TERRAIN_NORMAL_MAP pd=UNITY_ENABLE_REFLECTION_BUFFERS UNITY_PBS_USE_BRDF1 UNITY_SPECCUBE_BOX_PROJECTION UNITY_SPECCUBE_BLENDING SHADER_API_DESKTOP ok=1
Cmd: compileSnippet
  api=15 type=1 insize=70280 outsize=0 kw=DIRECTIONAL LIGHTMAP_OFF DIRLIGHTMAP_COMBINED DYNAMICLIGHTMAP_ON _TERRAIN_NORMAL_MAP pd=UNITY_ENABLE_REFLECTION_BUFFERS UNITY_PBS_USE_BRDF1 UNITY_SPECCUBE_BOX_PROJECTION UNITY_SPECCUBE_BLENDING SHADER_API_DESKTOP ok=1
Cmd: compileSnippet
  api=15 type=0 insize=70280 outsize=16295 kw=DIRECTIONAL SHADOWS_SCREEN LIGHTMAP_OFF DIRLIGHTMAP_COMBINED DYNAMICLIGHTMAP_ON _TERRAIN_NORMAL_MAP pd=UNITY_ENABLE_REFLECTION_BUFFERS UNITY_PBS_USE_BRDF1 UNITY_SPECCUBE_BOX_PROJECTION UNITY_SPECCUBE_BLENDING SHADER_API_DESKTOP ok=1
Cmd: compileSnippet
  api=15 type=1 insize=70280 outsize=0 kw=DIRECTIONAL SHADOWS_SCREEN LIGHTMAP_OFF DIRLIGHTMAP_COMBINED DYNAMICLIGHTMAP_ON _TERRAIN_NORMAL_MAP pd=UNITY_ENABLE_REFLECTION_BUFFERS UNITY_PBS_USE_BRDF1 UNITY_SPECCUBE_BOX_PROJECTION UNITY_SPECCUBE_BLENDING SHADER_API_DESKTOP ok=1
Cmd: compileSnippet
  api=15 type=0 insize=70280 outsize=17671 kw=DIRECTIONAL LIGHTMAP_OFF DYNAMICLIGHTMAP_OFF _TERRAIN_NORMAL_MAP pd=UNITY_ENABLE_REFLECTION_BUFFERS UNITY_PBS_USE_BRDF1 UNITY_SPECCUBE_BOX_PROJECTION UNITY_SPECCUBE_BLENDING SHADER_API_DESKTOP ok=1
Cmd: compileSnippet
  api=15 type=1 insize=70280 outsize=0 kw=DIRECTIONAL LIGHTMAP_OFF DYNAMICLIGHTMAP_OFF _TERRAIN_NORMAL_MAP pd=UNITY_ENABLE_REFLECTION_BUFFERS UNITY_PBS_USE_BRDF1 UNITY_SPECCUBE_BOX_PROJECTION UNITY_SPECCUBE_BLENDING SHADER_API_DESKTOP ok=1
Cmd: compileSnippet
  api=15 type=0 insize=70280 outsize=18226 kw=DIRECTIONAL SHADOWS_SCREEN LIGHTMAP_OFF DYNAMICLIGHTMAP_OFF _TERRAIN_NORMAL_MAP pd=UNITY_ENABLE_REFLECTION_BUFFERS UNITY_PBS_USE_BRDF1 UNITY_SPECCUBE_BOX_PROJECTION UNITY_SPECCUBE_BLENDING SHADER_API_DESKTOP ok=1
Cmd: compileSnippet
  api=15 type=1 insize=70280 outsize=0 kw=DIRECTIONAL SHADOWS_SCREEN LIGHTMAP_OFF DYNAMICLIGHTMAP_OFF _TERRAIN_NORMAL_MAP pd=UNITY_ENABLE_REFLECTION_BUFFERS UNITY_PBS_USE_BRDF1 UNITY_SPECCUBE_BOX_PROJECTION UNITY_SPECCUBE_BLENDING SHADER_API_DESKTOP ok=1
